
> Task :run

------------
Department: CPRE
Course number: 131
Nothing

------------
Department: CPRE
Course number: 166
Nothing

------------
Department: CPRE
Course number: 184
Member of Cpr E Learning Community

------------
Department: CPRE
Course number: 185

class: MATH 143
 or satisfactory scores on mathematics placement examinations; credit or enrollment in
class: MATH 165

------------
Department: CPRE
Course number: 186
class1: CPR E 185

------------
Department: CPRE
Course number: 230

class: COM S 227
,
class: E E 285
, or
class: MIS 207
.

------------
Department: CPRE
Course number: 231
class1: CPR E 230

------------
Department: CPRE
Course number: 261
Nothing

------------
Department: CPRE
Course number: 281
sophomore classification

------------
Department: CPRE
Course number: 288

class: CPR E 281
,
class: COM S 207
 or
class: COM S 227
 or
class: E E 285

------------
Department: CPRE
Course number: 294

class: CPR E 166
 or
class: E E 166

------------
Department: CPRE
Course number: 308

class: CPR E 381
 or
class: COM S 321

------------
Department: CPRE
Course number: 310
class1: COM S 228

------------
Department: CPRE
Course number: 315
class1: CPR E 310

------------
Department: CPRE
Course number: 329
class1: COM S 309

------------
Department: CPRE
Course number: 330

class: E E 201
, credit or enrollment in
class: E E 230
,
class: CPR E 281

------------
Department: CPRE
Course number: 332
Nothing

------------
Department: CPRE
Course number: 339
class1: S E 319

------------
Department: CPRE
Course number: 381
class1: CPR E 288

------------
Department: CPRE
Course number: 388
class1: CPR E 288

------------
Department: CPRE
Course number: 394

class: CPR E 294
 or
class: E E 294

------------
Department: CPRE
Course number: 396
Permission of department and Engineering Career Services

------------
Department: CPRE
Course number: 398
Permission of department and Engineering Career Services

------------
Department: CPRE
Course number: 412

class: COM S 311
,
class: STAT 330
; for graduate credit: graduate standing or permission of instructor

------------
Department: CPRE
Course number: 416
class1: COM S 309

------------
Department: CPRE
Course number: 418

class: E E 230
 and
class: E E 311

------------
Department: CPRE
Course number: 419

class: CPR E 308
 or
class: COM S 352
,
class: COM S 309

------------
Department: CPRE
Course number: 421

class: COM S 309
;
class: CPR E 310
 or
class: COM S 230

------------
Department: CPRE
Course number: 424

class: MATH 265
;
class: MATH 207
 or
class: MATH 317
; or permission of instructor.

------------
Department: CPRE
Course number: 425

class: COM S 311
,
class: ENGL 250
,
class: SP CM 212

------------
Department: CPRE
Course number: 426

class: CPR E 308
 or
class: COM S 321
,
class: CPR E 315
 or
class: COM S 311

------------
Department: CPRE
Course number: 430

class: CPR E 381
 or equivalent

------------
Department: CPRE
Course number: 431
credit or enrollment in
class: CPR E 308
 or
class: COM S 352

------------
Department: CPRE
Course number: 435
class1: E E 330

------------
Department: CPRE
Course number: 444

class: MATH 165
 and Introductory Statistics (
class: STAT 101
,
class: STAT 104
,
class: STAT 105
,
class: STAT 201
, or
class: STAT 330
).

------------
Department: CPRE
Course number: 450

class: CPR E 308
 or
class: COM S 352

------------
Department: CPRE
Course number: 454

class: COM S 311
,
class: COM S 352
; for graduate credit: graduate standing or permission of instructor

------------
Department: CPRE
Course number: 458

class: CPR E 308
 or
class: COM S 352

------------
Department: CPRE
Course number: 465
class1: E E 330

------------
Department: CPRE
Course number: 466
Student must be within two semesters of graduation; permission of instructor.

------------
Department: CPRE
Course number: 467
Student must be within two semesters of graduation or receive permission of instructor.

------------
Department: CPRE
Course number: 480

class: CPR E 381
 or
class: COM S 321

------------
Department: CPRE
Course number: 483
class1: CPR E 381

------------
Department: CPRE
Course number: 488

class: CPR E 381
 or
class: COM S 321

------------
Department: CPRE
Course number: 489

class: CPR E 381
 or
class: E E 324

------------
Department: CPRE
Course number: 490
Senior classification in computer engineering

------------
Department: CPRE
Course number: 490
Senior classification in computer engineering

------------
Department: CPRE
Course number: 491

class: E E 322
 or
class: CPR E 308
, completion of 24 credits in the E E core professional program or 29 credits in the Cpr E core professional program,
class: ENGL 314

------------
Department: CPRE
Course number: 492

class: CPR E 491
 or
class: E E 491

------------
Department: CPRE
Course number: 494

class: CPR E 394
 or
class: E E 394
, credit or enrollment in
class: CPR E 491
 or
class: E E 491

------------
Department: CPRE
Course number: 501
class1: E E 435

------------
Department: CPRE
Course number: 505
class1: E E 501

------------
Department: CPRE
Course number: 506

class: E E 435
 or
class: E E 501
 or instructor approval

------------
Department: CPRE
Course number: 507

class: E E 435
 or
class: E E 501

------------
Department: CPRE
Course number: 511
class1: COM S 311

------------
Department: CPRE
Course number: 513

class: COM S 331
,
class: COM S 342

------------
Department: CPRE
Course number: 522
Permission of instructor

------------
Department: CPRE
Course number: 525

class: CPR E 308
 or
class: MATH 481
; experience in scientific programming; knowledge of FORTRAN or C

------------
Department: CPRE
Course number: 526

class: CPR E 308
 or
class: COM S 321
,
class: CPR E 315
 or
class: COM S 311

------------
Department: CPRE
Course number: 528

class: CPR E 315
 or
class: COM S 311

------------
Department: CPRE
Course number: 529

class: E E 322
 or equivalent

------------
Department: CPRE
Course number: 530

class: CPR E 381
 or equivalent

------------
Department: CPRE
Course number: 531

class: CPR E 489
 or
class: CPR E 530
 or
class: COM S 586
 or
class: MIS 535

------------
Department: CPRE
Course number: 532
class1: CPR E 531

------------
Department: CPRE
Course number: 533

class: MATH 301
 or
class: CPR E 310
 or
class: COM S 230

------------
Department: CPRE
Course number: 534
Graduate classification;
class: CPR E 531
 or
class: INFAS 531

------------
Department: CPRE
Course number: 535

class: E E 524
 or
class: MATH 317
 or
class: MATH 407
 or
class: COM S 230

------------
Department: CPRE
Course number: 536

class: CPR E 489
 or
class: CPR E 530

------------
Department: CPRE
Course number: 537
Credit or enrollment in
class: CPR E 489
 or
class: CPR E 530

------------
Department: CPRE
Course number: 538

class: COM S 321
 or
class: CPR E 381
,
class: COM S 352
 or
class: CPR E 308

------------
Department: CPRE
Course number: 539
Nothing

------------
Department: CPRE
Course number: 541

class: CPR E 489
 or
class: CPR E 530

------------
Department: CPRE
Course number: 542
class1: CPR E 489

------------
Department: CPRE
Course number: 543
Credit or enrollment in
class: CPR E 489
 or
class: CPR E 530

------------
Department: CPRE
Course number: 544

class: MATH 165
 or STAT 401 or equivalent

------------
Department: CPRE
Course number: 545
class1: CPR E 381

------------
Department: CPRE
Course number: 546

class: CPR E 489
 or
class: CPR E 530

------------
Department: CPRE
Course number: 547
Nothing

------------
Department: CPRE
Course number: 549

class: COM S 311
 and either
class: COM S 228
 or
class: COM S 208

------------
Department: CPRE
Course number: 550

class: CPR E 308
 or
class: COM S 352

------------
Department: CPRE
Course number: 554

class: COM S 311
,
class: COM S 352
; for graduate credit: graduate standing or permission of instructor

------------
Department: CPRE
Course number: 556
class1: COM S 309

------------
Department: CPRE
Course number: 557

class: M E 421
, programming experience in C

------------
Department: CPRE
Course number: 558

class: CPR E 308
 or
class: COM S 352

------------
Department: CPRE
Course number: 559

class: COM S 352
 or
class: CPR E 308
, and
class: COM S 486
 or
class: CPR E 489
 or
class: CPR E 530

------------
Department: CPRE
Course number: 560

class: CPR E 531
;
class: COM S 474
 or
class: COM S 573

------------
Department: CPRE
Course number: 566
class1: CPR E 465

------------
Department: CPRE
Course number: 567

class: COM S 228
; COM S 330; credit or enrollment in
class: BIOL 315
,
class: STAT 430

------------
Department: CPRE
Course number: 569

class: BCB 567
,
class: BBMB 316
,
class: GEN 409
,
class: STAT 430

------------
Department: CPRE
Course number: 570

class: BCB 567
 or
class: COM S 311
,
class: COM S 228
,
class: GEN 409
,
class: STAT 430

------------
Department: CPRE
Course number: 575
Graduate standing or permission of instructor

------------
Department: CPRE
Course number: 581
class1: CPR E 381

------------
Department: CPRE
Course number: 582

class: CPR E 381
,
class: CPR E 310
 and
class: STAT 330

------------
Department: CPRE
Course number: 583
Background in computer architecture, design, and organization

------------
Department: CPRE
Course number: 584
Nothing

------------
Department: CPRE
Course number: 585
knowledge of C/C++ programming language.

------------
Department: CPRE
Course number: 586

class: CPR E 489
 or
class: CPR E 530

------------
Department: CPRE
Course number: 588
class1: CPR E 308

------------
Department: CPRE
Course number: 590
Nothing

------------
Department: CPRE
Course number: 592
Permission of instructor

------------
Department: CPRE
Course number: 594
Nothing

------------
Department: CPRE
Course number: 598
Electrical and Computer Engineering Graduate Student

------------
Department: CPRE
Course number: 599
Nothing

------------
Department: CPRE
Course number: 626
class1: CPR E 526

------------
Department: CPRE
Course number: 632

class: INFAS 531
,
class: INFAS 532
,
class: INFAS 534

------------
Department: CPRE
Course number: 681

class: CPR E 581
. Repeatable with Instructor permission

------------
Department: CPRE
Course number: 697
Nothing

------------
Department: CPRE
Course number: 699
Nothing
things
course_size 108

BUILD SUCCESSFUL in 2s
2 actionable tasks: 1 executed, 1 up-to-date
